running egg_info
creating ../build/waiter_bringup/waiter_bringup.egg-info
writing ../build/waiter_bringup/waiter_bringup.egg-info/PKG-INFO
writing dependency_links to ../build/waiter_bringup/waiter_bringup.egg-info/dependency_links.txt
writing entry points to ../build/waiter_bringup/waiter_bringup.egg-info/entry_points.txt
writing requirements to ../build/waiter_bringup/waiter_bringup.egg-info/requires.txt
writing top-level names to ../build/waiter_bringup/waiter_bringup.egg-info/top_level.txt
writing manifest file '../build/waiter_bringup/waiter_bringup.egg-info/SOURCES.txt'
reading manifest file '../build/waiter_bringup/waiter_bringup.egg-info/SOURCES.txt'
writing manifest file '../build/waiter_bringup/waiter_bringup.egg-info/SOURCES.txt'
running build
running build_py
creating /home/user/ros2_ws/src/build/waiter_bringup/build
creating /home/user/ros2_ws/src/build/waiter_bringup/build/lib
creating /home/user/ros2_ws/src/build/waiter_bringup/build/lib/waiter_bringup
copying waiter_bringup/__init__.py -> /home/user/ros2_ws/src/build/waiter_bringup/build/lib/waiter_bringup
running install
running install_lib
creating /home/user/ros2_ws/src/install/waiter_bringup/lib/python3.8/site-packages/waiter_bringup
copying /home/user/ros2_ws/src/build/waiter_bringup/build/lib/waiter_bringup/__init__.py -> /home/user/ros2_ws/src/install/waiter_bringup/lib/python3.8/site-packages/waiter_bringup
byte-compiling /home/user/ros2_ws/src/install/waiter_bringup/lib/python3.8/site-packages/waiter_bringup/__init__.py to __init__.cpython-38.pyc
running install_data
creating /home/user/ros2_ws/src/install/waiter_bringup/share/ament_index
creating /home/user/ros2_ws/src/install/waiter_bringup/share/ament_index/resource_index
creating /home/user/ros2_ws/src/install/waiter_bringup/share/ament_index/resource_index/packages
copying resource/waiter_bringup -> /home/user/ros2_ws/src/install/waiter_bringup/share/ament_index/resource_index/packages
copying package.xml -> /home/user/ros2_ws/src/install/waiter_bringup/share/waiter_bringup
running install_egg_info
Copying ../build/waiter_bringup/waiter_bringup.egg-info to /home/user/ros2_ws/src/install/waiter_bringup/lib/python3.8/site-packages/waiter_bringup-0.0.0-py3.8.egg-info
running install_scripts
Installing time_node script to /home/user/ros2_ws/src/install/waiter_bringup/lib/waiter_bringup
writing list of installed files to '/home/user/ros2_ws/src/build/waiter_bringup/install.log'
