[0.617s] Invoking command in '/home/user/ros2_ws/src/waiter_bringup': PYTHONPATH=/home/user/ros2_ws/src/install/waiter_bringup/lib/python3.8/site-packages:${PYTHONPATH} _=/usr/bin/env /usr/bin/python3 setup.py egg_info --egg-base ../build/waiter_bringup build --build-base /home/user/ros2_ws/src/build/waiter_bringup/build install --prefix /home/user/ros2_ws/src/install/waiter_bringup --record /home/user/ros2_ws/src/build/waiter_bringup/install.log --single-version-externally-managed
[1.355s] running egg_info
[1.356s] creating ../build/waiter_bringup/waiter_bringup.egg-info
[1.356s] writing ../build/waiter_bringup/waiter_bringup.egg-info/PKG-INFO
[1.357s] writing dependency_links to ../build/waiter_bringup/waiter_bringup.egg-info/dependency_links.txt
[1.357s] writing entry points to ../build/waiter_bringup/waiter_bringup.egg-info/entry_points.txt
[1.357s] writing requirements to ../build/waiter_bringup/waiter_bringup.egg-info/requires.txt
[1.358s] writing top-level names to ../build/waiter_bringup/waiter_bringup.egg-info/top_level.txt
[1.440s] writing manifest file '../build/waiter_bringup/waiter_bringup.egg-info/SOURCES.txt'
[1.722s] reading manifest file '../build/waiter_bringup/waiter_bringup.egg-info/SOURCES.txt'
[1.723s] writing manifest file '../build/waiter_bringup/waiter_bringup.egg-info/SOURCES.txt'
[1.723s] running build
[1.724s] running build_py
[1.724s] creating /home/user/ros2_ws/src/build/waiter_bringup/build
[1.724s] creating /home/user/ros2_ws/src/build/waiter_bringup/build/lib
[1.724s] creating /home/user/ros2_ws/src/build/waiter_bringup/build/lib/waiter_bringup
[1.725s] copying waiter_bringup/__init__.py -> /home/user/ros2_ws/src/build/waiter_bringup/build/lib/waiter_bringup
[1.725s] running install
[1.726s] running install_lib
[1.728s] creating /home/user/ros2_ws/src/install/waiter_bringup/lib/python3.8/site-packages/waiter_bringup
[1.729s] copying /home/user/ros2_ws/src/build/waiter_bringup/build/lib/waiter_bringup/__init__.py -> /home/user/ros2_ws/src/install/waiter_bringup/lib/python3.8/site-packages/waiter_bringup
[1.729s] byte-compiling /home/user/ros2_ws/src/install/waiter_bringup/lib/python3.8/site-packages/waiter_bringup/__init__.py to __init__.cpython-38.pyc
[1.730s] running install_data
[1.732s] creating /home/user/ros2_ws/src/install/waiter_bringup/share/ament_index
[1.732s] creating /home/user/ros2_ws/src/install/waiter_bringup/share/ament_index/resource_index
[1.732s] creating /home/user/ros2_ws/src/install/waiter_bringup/share/ament_index/resource_index/packages
[1.733s] copying resource/waiter_bringup -> /home/user/ros2_ws/src/install/waiter_bringup/share/ament_index/resource_index/packages
[1.733s] copying package.xml -> /home/user/ros2_ws/src/install/waiter_bringup/share/waiter_bringup
[1.733s] running install_egg_info
[1.736s] Copying ../build/waiter_bringup/waiter_bringup.egg-info to /home/user/ros2_ws/src/install/waiter_bringup/lib/python3.8/site-packages/waiter_bringup-0.0.0-py3.8.egg-info
[1.738s] running install_scripts
[1.771s] Installing time_node script to /home/user/ros2_ws/src/install/waiter_bringup/lib/waiter_bringup
[1.772s] writing list of installed files to '/home/user/ros2_ws/src/build/waiter_bringup/install.log'
[1.805s] Invoked command in '/home/user/ros2_ws/src/waiter_bringup' returned '0': PYTHONPATH=/home/user/ros2_ws/src/install/waiter_bringup/lib/python3.8/site-packages:${PYTHONPATH} _=/usr/bin/env /usr/bin/python3 setup.py egg_info --egg-base ../build/waiter_bringup build --build-base /home/user/ros2_ws/src/build/waiter_bringup/build install --prefix /home/user/ros2_ws/src/install/waiter_bringup --record /home/user/ros2_ws/src/build/waiter_bringup/install.log --single-version-externally-managed
